<?xml version="1.0" encoding="UTF-8"?>
<!-- Generated by org.testng.reporters.JUnitReportReporter -->
<testsuite hostname="DESKTOP-IKD4M7K" failures="0" tests="1" name="testNgFramework.Annotations1" time="0.007" errors="0" timestamp="2024-07-31T20:45:10 EDT" skipped="0">
  <testcase classname="testNgFramework.Annotations1" name="tScenario1" time="0.007"/>
</testsuite> <!-- testNgFramework.Annotations1 -->
