<?xml version="1.0" encoding="UTF-8"?>
<!-- Generated by org.testng.reporters.JUnitReportReporter -->
<testsuite hostname="DESKTOP-IKD4M7K" failures="0" tests="3" name="testNgFramework.ListoFAnnotationsTestNg" time="0.015" errors="0" timestamp="2024-07-31T20:27:01 EDT" skipped="0">
  <testcase classname="testNgFramework.ListoFAnnotationsTestNg" name="ts3" time="0.004"/>
  <testcase classname="testNgFramework.ListoFAnnotationsTestNg" name="ts1" time="0.008"/>
  <testcase classname="testNgFramework.ListoFAnnotationsTestNg" name="ts2" time="0.003"/>
</testsuite> <!-- testNgFramework.ListoFAnnotationsTestNg -->
